<?xml version="1.0" encoding="UTF-8"?>
<testsuite name="ThreadsKt" tests="1" skipped="0" failures="0" errors="0" timestamp="2023-10-29T10:02:58" hostname="DESKTOP-M7GNDA2" time="0.002">
  <properties/>
  <testcase name="testT0[native]" classname="ThreadsKt" time="0.002"/>
  <system-out><![CDATA[Thread created: Thread[]
Hello from thread
Done!
]]></system-out>
  <system-err><![CDATA[]]></system-err>
</testsuite>
