<?xml version="1.0" encoding="UTF-8"?>
<testsuite name="FilesKt" tests="2" skipped="0" failures="0" errors="0" timestamp="2023-10-29T10:02:58" hostname="DESKTOP-M7GNDA2" time="0.002">
  <properties/>
  <testcase name="testF1[native]" classname="FilesKt" time="0.001"/>
  <testcase name="testF2[native]" classname="FilesKt" time="0.001"/>
  <system-out><![CDATA[]]></system-out>
  <system-err><![CDATA[]]></system-err>
</testsuite>
